[2014-04-01 07:41:18] production.ERROR: exception 'Symfony\Component\Debug\Exception\FatalErrorException' with message 'main(): Failed opening required '/home/julian/Documents/aixada/github/app/filters.php' (include_path='/home/julian/Documents/aixada/github/vendor/phpseclib/phpseclib/phpseclib:.:/usr/share/php:/usr/share/pear')' in /home/julian/Documents/aixada/github/app/start/global.php:81
Stack trace:
#0 [internal function]: Illuminate\Exception\Handler->handleShutdown()
#1 {main} [] []
[2014-04-01 07:56:01] production.ERROR: exception 'Symfony\Component\Debug\Exception\FatalErrorException' with message 'Class 'Esdeveniment' not found' in /home/julian/Documents/aixada/github/app/storage/views/cb680a19acc0733f7df931e850f50c2e:30
Stack trace:
#0 [internal function]: Illuminate\Exception\Handler->handleShutdown()
#1 {main} [] []
[2014-04-01 07:56:57] production.ERROR: exception 'InvalidArgumentException' with message 'View [aixada_index] not found.' in /home/julian/Documents/aixada/github/vendor/laravel/framework/src/Illuminate/View/FileViewFinder.php:139
Stack trace:
#0 /home/julian/Documents/aixada/github/vendor/laravel/framework/src/Illuminate/View/FileViewFinder.php(76): Illuminate\View\FileViewFinder->findInPaths('aixada_index', Array)
#1 /home/julian/Documents/aixada/github/vendor/laravel/framework/src/Illuminate/View/Environment.php(115): Illuminate\View\FileViewFinder->find('aixada_index')
#2 /home/julian/Documents/aixada/github/vendor/laravel/framework/src/Illuminate/Support/Facades/Facade.php(208): Illuminate\View\Environment->make('aixada_index')
#3 /home/julian/Documents/aixada/github/app/routes.php(35): Illuminate\Support\Facades\Facade::__callStatic('make', Array)
#4 /home/julian/Documents/aixada/github/app/routes.php(35): Illuminate\Support\Facades\View::make('aixada_index')
#5 [internal function]: {closure}()
#6 /home/julian/Documents/aixada/github/vendor/laravel/framework/src/Illuminate/Routing/Route.php(105): call_user_func_array(Object(Closure), Array)
#7 /home/julian/Documents/aixada/github/vendor/laravel/framework/src/Illuminate/Routing/Router.php(969): Illuminate\Routing\Route->run(Object(Illuminate\Http\Request))
#8 /home/julian/Documents/aixada/github/vendor/laravel/framework/src/Illuminate/Routing/Router.php(939): Illuminate\Routing\Router->dispatchToRoute(Object(Illuminate\Http\Request))
#9 /home/julian/Documents/aixada/github/vendor/laravel/framework/src/Illuminate/Foundation/Application.php(716): Illuminate\Routing\Router->dispatch(Object(Illuminate\Http\Request))
#10 /home/julian/Documents/aixada/github/vendor/laravel/framework/src/Illuminate/Foundation/Application.php(691): Illuminate\Foundation\Application->dispatch(Object(Illuminate\Http\Request))
#11 /home/julian/Documents/aixada/github/vendor/laravel/framework/src/Illuminate/Http/FrameGuard.php(38): Illuminate\Foundation\Application->handle(Object(Illuminate\Http\Request), 1, true)
#12 /home/julian/Documents/aixada/github/vendor/laravel/framework/src/Illuminate/Session/Middleware.php(60): Illuminate\Http\FrameGuard->handle(Object(Illuminate\Http\Request), 1, true)
#13 /home/julian/Documents/aixada/github/vendor/laravel/framework/src/Illuminate/Cookie/Queue.php(47): Illuminate\Session\Middleware->handle(Object(Illuminate\Http\Request), 1, true)
#14 /home/julian/Documents/aixada/github/vendor/laravel/framework/src/Illuminate/Cookie/Guard.php(51): Illuminate\Cookie\Queue->handle(Object(Illuminate\Http\Request), 1, true)
#15 /home/julian/Documents/aixada/github/vendor/stack/builder/src/Stack/StackedHttpKernel.php(23): Illuminate\Cookie\Guard->handle(Object(Illuminate\Http\Request), 1, true)
#16 /home/julian/Documents/aixada/github/vendor/laravel/framework/src/Illuminate/Foundation/Application.php(591): Stack\StackedHttpKernel->handle(Object(Illuminate\Http\Request))
#17 /home/julian/Documents/aixada/github/public/index.php(49): Illuminate\Foundation\Application->run()
#18 /home/julian/Documents/aixada/github/server.php(19): require_once('/home/julian/Do...')
#19 {main} [] []
[2014-04-01 07:57:29] production.ERROR: exception 'InvalidArgumentException' with message 'View [aixada_index] not found.' in /home/julian/Documents/aixada/github/vendor/laravel/framework/src/Illuminate/View/FileViewFinder.php:139
Stack trace:
#0 /home/julian/Documents/aixada/github/vendor/laravel/framework/src/Illuminate/View/FileViewFinder.php(76): Illuminate\View\FileViewFinder->findInPaths('aixada_index', Array)
#1 /home/julian/Documents/aixada/github/vendor/laravel/framework/src/Illuminate/View/Environment.php(115): Illuminate\View\FileViewFinder->find('aixada_index')
#2 /home/julian/Documents/aixada/github/vendor/laravel/framework/src/Illuminate/Support/Facades/Facade.php(208): Illuminate\View\Environment->make('aixada_index')
#3 /home/julian/Documents/aixada/github/app/routes.php(35): Illuminate\Support\Facades\Facade::__callStatic('make', Array)
#4 /home/julian/Documents/aixada/github/app/routes.php(35): Illuminate\Support\Facades\View::make('aixada_index')
#5 [internal function]: {closure}()
#6 /home/julian/Documents/aixada/github/vendor/laravel/framework/src/Illuminate/Routing/Route.php(105): call_user_func_array(Object(Closure), Array)
#7 /home/julian/Documents/aixada/github/vendor/laravel/framework/src/Illuminate/Routing/Router.php(969): Illuminate\Routing\Route->run(Object(Illuminate\Http\Request))
#8 /home/julian/Documents/aixada/github/vendor/laravel/framework/src/Illuminate/Routing/Router.php(939): Illuminate\Routing\Router->dispatchToRoute(Object(Illuminate\Http\Request))
#9 /home/julian/Documents/aixada/github/vendor/laravel/framework/src/Illuminate/Foundation/Application.php(716): Illuminate\Routing\Router->dispatch(Object(Illuminate\Http\Request))
#10 /home/julian/Documents/aixada/github/vendor/laravel/framework/src/Illuminate/Foundation/Application.php(691): Illuminate\Foundation\Application->dispatch(Object(Illuminate\Http\Request))
#11 /home/julian/Documents/aixada/github/vendor/laravel/framework/src/Illuminate/Http/FrameGuard.php(38): Illuminate\Foundation\Application->handle(Object(Illuminate\Http\Request), 1, true)
#12 /home/julian/Documents/aixada/github/vendor/laravel/framework/src/Illuminate/Session/Middleware.php(60): Illuminate\Http\FrameGuard->handle(Object(Illuminate\Http\Request), 1, true)
#13 /home/julian/Documents/aixada/github/vendor/laravel/framework/src/Illuminate/Cookie/Queue.php(47): Illuminate\Session\Middleware->handle(Object(Illuminate\Http\Request), 1, true)
#14 /home/julian/Documents/aixada/github/vendor/laravel/framework/src/Illuminate/Cookie/Guard.php(51): Illuminate\Cookie\Queue->handle(Object(Illuminate\Http\Request), 1, true)
#15 /home/julian/Documents/aixada/github/vendor/stack/builder/src/Stack/StackedHttpKernel.php(23): Illuminate\Cookie\Guard->handle(Object(Illuminate\Http\Request), 1, true)
#16 /home/julian/Documents/aixada/github/vendor/laravel/framework/src/Illuminate/Foundation/Application.php(591): Stack\StackedHttpKernel->handle(Object(Illuminate\Http\Request))
#17 /home/julian/Documents/aixada/github/public/index.php(49): Illuminate\Foundation\Application->run()
#18 /home/julian/Documents/aixada/github/server.php(19): require_once('/home/julian/Do...')
#19 {main} [] []
[2014-04-01 07:59:07] production.ERROR: exception 'ErrorException' with message 'include(php/inc/header.inc.php): failed to open stream: No such file or directory' in /home/julian/Documents/aixada/github/app/storage/views/01451c5e060c54ff6c34584c11ae33f4:1
Stack trace:
#0 /home/julian/Documents/aixada/github/app/storage/views/01451c5e060c54ff6c34584c11ae33f4(1): Illuminate\Exception\Handler->handleError(2, 'include(php/inc...', '/home/julian/Do...', 1, Array)
#1 /home/julian/Documents/aixada/github/app/storage/views/01451c5e060c54ff6c34584c11ae33f4(1): include()
#2 /home/julian/Documents/aixada/github/vendor/laravel/framework/src/Illuminate/View/Engines/PhpEngine.php(37): include('/home/julian/Do...')
#3 /home/julian/Documents/aixada/github/vendor/laravel/framework/src/Illuminate/View/Engines/CompilerEngine.php(56): Illuminate\View\Engines\PhpEngine->evaluatePath('/home/julian/Do...', Array)
#4 /home/julian/Documents/aixada/github/vendor/laravel/framework/src/Illuminate/View/View.php(134): Illuminate\View\Engines\CompilerEngine->get('/home/julian/Do...', Array)
#5 /home/julian/Documents/aixada/github/vendor/laravel/framework/src/Illuminate/View/View.php(102): Illuminate\View\View->getContents()
#6 /home/julian/Documents/aixada/github/vendor/laravel/framework/src/Illuminate/View/View.php(76): Illuminate\View\View->renderContents()
#7 /home/julian/Documents/aixada/github/vendor/laravel/framework/src/Illuminate/Http/Response.php(70): Illuminate\View\View->render()
#8 /home/julian/Documents/aixada/github/vendor/symfony/http-foundation/Symfony/Component/HttpFoundation/Response.php(202): Illuminate\Http\Response->setContent(Object(Illuminate\View\View))
#9 /home/julian/Documents/aixada/github/vendor/laravel/framework/src/Illuminate/Routing/Router.php(1343): Symfony\Component\HttpFoundation\Response->__construct(Object(Illuminate\View\View))
#10 /home/julian/Documents/aixada/github/vendor/laravel/framework/src/Illuminate/Routing/Router.php(972): Illuminate\Routing\Router->prepareResponse(Object(Illuminate\Http\Request), Object(Illuminate\View\View))
#11 /home/julian/Documents/aixada/github/vendor/laravel/framework/src/Illuminate/Routing/Router.php(939): Illuminate\Routing\Router->dispatchToRoute(Object(Illuminate\Http\Request))
#12 /home/julian/Documents/aixada/github/vendor/laravel/framework/src/Illuminate/Foundation/Application.php(716): Illuminate\Routing\Router->dispatch(Object(Illuminate\Http\Request))
#13 /home/julian/Documents/aixada/github/vendor/laravel/framework/src/Illuminate/Foundation/Application.php(691): Illuminate\Foundation\Application->dispatch(Object(Illuminate\Http\Request))
#14 /home/julian/Documents/aixada/github/vendor/laravel/framework/src/Illuminate/Http/FrameGuard.php(38): Illuminate\Foundation\Application->handle(Object(Illuminate\Http\Request), 1, true)
#15 /home/julian/Documents/aixada/github/vendor/laravel/framework/src/Illuminate/Session/Middleware.php(60): Illuminate\Http\FrameGuard->handle(Object(Illuminate\Http\Request), 1, true)
#16 /home/julian/Documents/aixada/github/vendor/laravel/framework/src/Illuminate/Cookie/Queue.php(47): Illuminate\Session\Middleware->handle(Object(Illuminate\Http\Request), 1, true)
#17 /home/julian/Documents/aixada/github/vendor/laravel/framework/src/Illuminate/Cookie/Guard.php(51): Illuminate\Cookie\Queue->handle(Object(Illuminate\Http\Request), 1, true)
#18 /home/julian/Documents/aixada/github/vendor/stack/builder/src/Stack/StackedHttpKernel.php(23): Illuminate\Cookie\Guard->handle(Object(Illuminate\Http\Request), 1, true)
#19 /home/julian/Documents/aixada/github/vendor/laravel/framework/src/Illuminate/Foundation/Application.php(591): Stack\StackedHttpKernel->handle(Object(Illuminate\Http\Request))
#20 /home/julian/Documents/aixada/github/public/index.php(49): Illuminate\Foundation\Application->run()
#21 /home/julian/Documents/aixada/github/server.php(19): require_once('/home/julian/Do...')
#22 {main}

Next exception 'ErrorException' with message 'include(php/inc/header.inc.php): failed to open stream: No such file or directory (View: /home/julian/Documents/aixada/github/app/views/aixada_index.blade.php)' in /home/julian/Documents/aixada/github/app/storage/views/01451c5e060c54ff6c34584c11ae33f4:1
Stack trace:
#0 /home/julian/Documents/aixada/github/vendor/laravel/framework/src/Illuminate/View/Engines/PhpEngine.php(41): Illuminate\View\Engines\CompilerEngine->handleViewException(Object(ErrorException))
#1 /home/julian/Documents/aixada/github/vendor/laravel/framework/src/Illuminate/View/Engines/CompilerEngine.php(56): Illuminate\View\Engines\PhpEngine->evaluatePath('/home/julian/Do...', Array)
#2 /home/julian/Documents/aixada/github/vendor/laravel/framework/src/Illuminate/View/View.php(134): Illuminate\View\Engines\CompilerEngine->get('/home/julian/Do...', Array)
#3 /home/julian/Documents/aixada/github/vendor/laravel/framework/src/Illuminate/View/View.php(102): Illuminate\View\View->getContents()
#4 /home/julian/Documents/aixada/github/vendor/laravel/framework/src/Illuminate/View/View.php(76): Illuminate\View\View->renderContents()
#5 /home/julian/Documents/aixada/github/vendor/laravel/framework/src/Illuminate/Http/Response.php(70): Illuminate\View\View->render()
#6 /home/julian/Documents/aixada/github/vendor/symfony/http-foundation/Symfony/Component/HttpFoundation/Response.php(202): Illuminate\Http\Response->setContent(Object(Illuminate\View\View))
#7 /home/julian/Documents/aixada/github/vendor/laravel/framework/src/Illuminate/Routing/Router.php(1343): Symfony\Component\HttpFoundation\Response->__construct(Object(Illuminate\View\View))
#8 /home/julian/Documents/aixada/github/vendor/laravel/framework/src/Illuminate/Routing/Router.php(972): Illuminate\Routing\Router->prepareResponse(Object(Illuminate\Http\Request), Object(Illuminate\View\View))
#9 /home/julian/Documents/aixada/github/vendor/laravel/framework/src/Illuminate/Routing/Router.php(939): Illuminate\Routing\Router->dispatchToRoute(Object(Illuminate\Http\Request))
#10 /home/julian/Documents/aixada/github/vendor/laravel/framework/src/Illuminate/Foundation/Application.php(716): Illuminate\Routing\Router->dispatch(Object(Illuminate\Http\Request))
#11 /home/julian/Documents/aixada/github/vendor/laravel/framework/src/Illuminate/Foundation/Application.php(691): Illuminate\Foundation\Application->dispatch(Object(Illuminate\Http\Request))
#12 /home/julian/Documents/aixada/github/vendor/laravel/framework/src/Illuminate/Http/FrameGuard.php(38): Illuminate\Foundation\Application->handle(Object(Illuminate\Http\Request), 1, true)
#13 /home/julian/Documents/aixada/github/vendor/laravel/framework/src/Illuminate/Session/Middleware.php(60): Illuminate\Http\FrameGuard->handle(Object(Illuminate\Http\Request), 1, true)
#14 /home/julian/Documents/aixada/github/vendor/laravel/framework/src/Illuminate/Cookie/Queue.php(47): Illuminate\Session\Middleware->handle(Object(Illuminate\Http\Request), 1, true)
#15 /home/julian/Documents/aixada/github/vendor/laravel/framework/src/Illuminate/Cookie/Guard.php(51): Illuminate\Cookie\Queue->handle(Object(Illuminate\Http\Request), 1, true)
#16 /home/julian/Documents/aixada/github/vendor/stack/builder/src/Stack/StackedHttpKernel.php(23): Illuminate\Cookie\Guard->handle(Object(Illuminate\Http\Request), 1, true)
#17 /home/julian/Documents/aixada/github/vendor/laravel/framework/src/Illuminate/Foundation/Application.php(591): Stack\StackedHttpKernel->handle(Object(Illuminate\Http\Request))
#18 /home/julian/Documents/aixada/github/public/index.php(49): Illuminate\Foundation\Application->run()
#19 /home/julian/Documents/aixada/github/server.php(19): require_once('/home/julian/Do...')
#20 {main} [] []
